Using pre-set license
Built from '2020.3/staging' branch; Version is '2020.3.3f1 (76626098c1c4) revision 7758432'; Using compiler version '192528614'; Build Type 'Release'
OS: 'Windows 10 Pro; OS build 18363.1440; Version 1909; 64bit' Language: 'es' Physical Memory: 16301 MB
BatchMode: 1, IsHumanControllingUs: 0, StartBugReporterOnCrash: 0, Is64bit: 1, IsPro: 0

 COMMAND LINE ARGUMENTS:
E:\Unity\2020.3.3f1\Editor\Unity.exe
-adb2
-batchMode
-noUpm
-name
AssetImportWorker0
-projectPath
E:/HotelWindabU/HotelWindabu
-logFile
Logs/AssetImportWorker0.log
-srvPort
49833
Successfully changed project path to: E:/HotelWindabU/HotelWindabu
E:/HotelWindabU/HotelWindabu
Using Asset Import Pipeline V2.
Refreshing native plugins compatible for Editor in 91.85 ms, found 1 plugins.
Preloading 0 native plugins for Editor in 0.00 ms.
Initialize engine version: 2020.3.3f1 (76626098c1c4)
[Subsystems] Discovering subsystems at path E:/Unity/2020.3.3f1/Editor/Data/Resources/UnitySubsystems
[Subsystems] Discovering subsystems at path E:/HotelWindabU/HotelWindabu/Assets
GfxDevice: creating device client; threaded=0
Direct3D:
    Version:  Direct3D 11.0 [level 11.1]
    Renderer: NVIDIA GeForce GTX 1060 6GB (ID=0x1c03)
    Vendor:   
    VRAM:     6052 MB
    Driver:   27.21.14.6611
Shader 'Universal Render Pipeline/Particles/Lit': fallback shader 'Universal Render Pipeline/Particles/SimpleLit' not found
Initialize mono
Mono path[0] = 'E:/Unity/2020.3.3f1/Editor/Data/Managed'
Mono path[1] = 'E:/Unity/2020.3.3f1/Editor/Data/MonoBleedingEdge/lib/mono/unityjit'
Mono config path = 'E:/Unity/2020.3.3f1/Editor/Data/MonoBleedingEdge/etc'
Using monoOptions --debugger-agent=transport=dt_socket,embedding=1,server=y,suspend=n,address=127.0.0.1:56868
Begin MonoManager ReloadAssembly
Registering precompiled unity dll's ...
Register platform support module: E:/Unity/2020.3.3f1/Editor/Data/PlaybackEngines/WindowsStandaloneSupport/UnityEditor.WindowsStandalone.Extensions.dll
Registered in 0.000888 seconds.
Native extension for WindowsStandalone target not found
Refreshing native plugins compatible for Editor in 89.20 ms, found 1 plugins.
Preloading 0 native plugins for Editor in 0.00 ms.
Invoked RoslynAnalysisRunner static constructor.
RoslynAnalysisRunner will not be running.
RoslynAnalysisRunner has terminated.
Mono: successfully reloaded assembly
- Completed reload, in  0.915 seconds
Platform modules already initialized, skipping
Registering precompiled user dll's ...
Registered in 0.002402 seconds.
Begin MonoManager ReloadAssembly
Native extension for WindowsStandalone target not found
Refreshing native plugins compatible for Editor in 90.00 ms, found 1 plugins.
Preloading 0 native plugins for Editor in 0.00 ms.
Invoked RoslynAnalysisRunner static constructor.
RoslynAnalysisRunner will not be running.
RoslynAnalysisRunner has terminated.
Mono: successfully reloaded assembly
- Completed reload, in  2.121 seconds
Platform modules already initialized, skipping
========================================================================
Worker process is ready to serve import requests
Shader 'Universal Render Pipeline/Particles/Lit': fallback shader 'Universal Render Pipeline/Particles/SimpleLit' not found
Launched and connected shader compiler UnityShaderCompiler.exe after 0.06 seconds
Refreshing native plugins compatible for Editor in 0.80 ms, found 1 plugins.
Preloading 0 native plugins for Editor in 0.00 ms.
Unloading 4774 Unused Serialized files (Serialized files now loaded: 0)
System memory in use before: 233.0 MB.
System memory in use after: 233.1 MB.

Unloading 152 unused Assets to reduce memory usage. Loaded Objects now: 5211.
Total: 4.393100 ms (FindLiveObjects: 0.548400 ms CreateObjectMapping: 0.475800 ms MarkObjects: 3.070100 ms  DeleteObjects: 0.297100 ms)

========================================================================
Received Import Request.
  path: Assets/05_Models/Aida 3d1 1.fbx
  artifactKey: Guid(6ee7b4b1a1628a549b1d7a17da361481) Importer(815301076,1909f56bfc062723c751e8b465ee728b)
Start importing Assets/05_Models/Aida 3d1 1.fbx using Guid(6ee7b4b1a1628a549b1d7a17da361481) Importer(815301076,1909f56bfc062723c751e8b465ee728b)  -> (artifact id: 'b50970829e664f6bbbe38ea96a94a612') in 0.372345 seconds
  Import took 0.380488 seconds .

========================================================================
Received Import Request.
  Time since last request: 23.260576 seconds.
  path: Assets/05_Models/Aida.png
  artifactKey: Guid(4546f792b899cd74daac7f0eba811672) Importer(815301076,1909f56bfc062723c751e8b465ee728b)
Start importing Assets/05_Models/Aida.png using Guid(4546f792b899cd74daac7f0eba811672) Importer(815301076,1909f56bfc062723c751e8b465ee728b)  -> (artifact id: '1179b3f304668ad4b9eb206e8e658a9e') in 0.036069 seconds
  Import took 0.043613 seconds .

========================================================================
Received Import Request.
  Time since last request: 33.831317 seconds.
  path: Assets/05_Models/Aida.prefab
  artifactKey: Guid(f89d7c8cbf0448448bff515f77e977c6) Importer(815301076,1909f56bfc062723c751e8b465ee728b)
Start importing Assets/05_Models/Aida.prefab using Guid(f89d7c8cbf0448448bff515f77e977c6) Importer(815301076,1909f56bfc062723c751e8b465ee728b)  -> (artifact id: '3499421c00fc74fa39fa40dd66a9b842') in 0.012366 seconds
  Import took 0.020538 seconds .

========================================================================
Received Import Request.
  Time since last request: 14.571520 seconds.
  path: Assets/05_Models/Prefab
  artifactKey: Guid(98c07b79003bd434ea5b5ecd9fb86e79) Importer(815301076,1909f56bfc062723c751e8b465ee728b)
Start importing Assets/05_Models/Prefab using Guid(98c07b79003bd434ea5b5ecd9fb86e79) Importer(815301076,1909f56bfc062723c751e8b465ee728b)  -> (artifact id: 'd078a651f94752b693870a0efd906f3b') in 0.005407 seconds
  Import took 0.013321 seconds .

